[info] Run log: /home/jrmgarcia/ProjDocs/DB_Search/src/dataout/logs/GoogleScholar/download_20260330_171605.log
[info] Profile: medium
[info] Timing profile: between-pages=4.0-8.0s, settle=1.2-2.5s, scroll=0.6-1.2s, retries=3, backoff=8.0-16.0s
Query: (survey OR review) AND (wildfire OR ‘wild fire’ OR ‘wildland fire’ OR ‘wild land fire’ OR ‘forest fire’ OR bushfire) AND ((‘machine learning’ OR ‘artificial intelligence’ OR ‘deep learning’) OR techniques OR management)
Output dir: /home/jrmgarcia/ProjDocs/DB_Search/src/dataout/PDF/GoogleScholar
CSV output: /home/jrmgarcia/ProjDocs/DB_Search/src/dataout/GoogleScholar.csv
Target: 10 pages x 20 results = up to 200 total
  [try 1/3] Capturing page 01...
  [warn] Possible anti-bot/block page detected. Backoff 12.3s before retry...
  [try 2/3] Capturing page 01...
  [warn] Possible anti-bot/block page detected. Backoff 21.0s before retry...
  [try 3/3] Capturing page 01...
  [warn] Possible anti-bot/block page detected. Backoff 32.6s before retry...
  [error] Failed page 01 after retries
  [try 1/3] Capturing page 02...
  [warn] Possible anti-bot/block page detected. Backoff 12.0s before retry...
  [try 2/3] Capturing page 02...
  [warn] Possible anti-bot/block page detected. Backoff 18.8s before retry...
  [try 3/3] Capturing page 02...
  [warn] Possible anti-bot/block page detected. Backoff 42.8s before retry...
  [error] Failed page 02 after retries
  [try 1/3] Capturing page 03...
  [warn] Possible anti-bot/block page detected. Backoff 15.7s before retry...
  [try 2/3] Capturing page 03...
  [warn] Possible anti-bot/block page detected. Backoff 20.3s before retry...
  [try 3/3] Capturing page 03...
  [warn] Possible anti-bot/block page detected. Backoff 24.7s before retry...
  [error] Failed page 03 after retries
  [try 1/3] Capturing page 04...
  [warn] Possible anti-bot/block page detected. Backoff 9.6s before retry...
  [try 2/3] Capturing page 04...
  [warn] Possible anti-bot/block page detected. Backoff 23.4s before retry...
  [try 3/3] Capturing page 04...
  [warn] Possible anti-bot/block page detected. Backoff 34.3s before retry...
  [error] Failed page 04 after retries
  [try 1/3] Capturing page 05...
  [warn] Possible anti-bot/block page detected. Backoff 15.3s before retry...
  [try 2/3] Capturing page 05...
  [warn] Possible anti-bot/block page detected. Backoff 29.1s before retry...
  [try 3/3] Capturing page 05...
  [warn] Possible anti-bot/block page detected. Backoff 33.1s before retry...
  [error] Failed page 05 after retries
  [try 1/3] Capturing page 06...
  [warn] Possible anti-bot/block page detected. Backoff 12.6s before retry...
  [try 2/3] Capturing page 06...
  [warn] Possible anti-bot/block page detected. Backoff 17.2s before retry...
  [try 3/3] Capturing page 06...
  [warn] Possible anti-bot/block page detected. Backoff 34.8s before retry...
  [error] Failed page 06 after retries
  [try 1/3] Capturing page 07...
  [warn] Possible anti-bot/block page detected. Backoff 9.3s before retry...
  [try 2/3] Capturing page 07...
  [warn] Possible anti-bot/block page detected. Backoff 25.0s before retry...
  [try 3/3] Capturing page 07...
  [warn] Possible anti-bot/block page detected. Backoff 36.0s before retry...
  [error] Failed page 07 after retries
  [try 1/3] Capturing page 08...
  [warn] Possible anti-bot/block page detected. Backoff 8.0s before retry...
  [try 2/3] Capturing page 08...
  [warn] Possible anti-bot/block page detected. Backoff 18.2s before retry...
  [try 3/3] Capturing page 08...
  [warn] Possible anti-bot/block page detected. Backoff 40.9s before retry...
  [error] Failed page 08 after retries
  [try 1/3] Capturing page 09...
  [warn] Possible anti-bot/block page detected. Backoff 12.5s before retry...
  [try 2/3] Capturing page 09...
  [warn] Possible anti-bot/block page detected. Backoff 26.7s before retry...
  [try 3/3] Capturing page 09...
  [warn] Possible anti-bot/block page detected. Backoff 37.5s before retry...
  [error] Failed page 09 after retries
  [try 1/3] Capturing page 10...
  [warn] Possible anti-bot/block page detected. Backoff 10.1s before retry...
  [try 2/3] Capturing page 10...
  [warn] Possible anti-bot/block page detected. Backoff 31.5s before retry...
  [try 3/3] Capturing page 10...
  [warn] Possible anti-bot/block page detected. Backoff 37.8s before retry...
  [error] Failed page 10 after retries
[info] Saved 0 records to /home/jrmgarcia/ProjDocs/DB_Search/src/dataout/GoogleScholar.csv
[done] Google Scholar page capture completed.
